<?xml version="1.0" encoding="UTF-8"?>
<!-- Generated by org.testng.reporters.JUnitReportReporter -->
<testsuite skipped="0" hostname="SFSI-STEVE-W10" name="MarsV10POM.V10POM.HomePagesTest" tests="1" failures="0" timestamp="2020-03-12T23:36:09 IST" time="0.013" errors="0">
  <testcase name="loginHomePageTitleTest" time="0.013" classname="MarsV10POM.V10POM.HomePagesTest"/>
  <system-out/>
</testsuite> <!-- MarsV10POM.V10POM.HomePagesTest -->
